============================================================
# 串口通信日志 - 2026-01-03 01:16:43
# 串口: COM4, 波特率: 1500000
# 格式: [时间戳] [方向(--->/<---)] 数据内容
------------------------------------------------------------
[2026-01-03 01:16:43.561] [--->] ifconfig
[2026-01-03 01:16:43.593] [<---] ifconfig
[2026-01-03 01:16:43.593] [<---] eth0      Link encap:Ethernet  HWaddr 16:6C:84:D0:44:49
[2026-01-03 01:16:43.593] [<---]           inet addr:192.168.0.7  Bcast:192.168.0.255  Mask:255.255.255.0
[2026-01-03 01:16:43.593] [<---]           inet6 addr: fe80::146c:84ff:fed0:4449/64 Scope:Link
[2026-01-03 01:16:43.593] [<---]           UP BROADCAST RUNNING MULTICAST  MTU:1500  Metric:1
[2026-01-03 01:16:43.593] [<---]           RX packets:10 errors:0 dropped:0 overruns:0 frame:0
[2026-01-03 01:16:43.593] [<---]           TX packets:8 errors:0 dropped:0 overruns:0 carrier:0
[2026-01-03 01:16:43.593] [<---]           collisions:0 txqueuelen:1000
[2026-01-03 01:16:43.593] [<---]           RX bytes:1344 (1.3 KiB)  TX bytes:1200 (1.1 KiB)
[2026-01-03 01:16:43.593] [<---]           Interrupt:35
[2026-01-03 01:16:43.593] [<---] lo        Link encap:Local Loopback
[2026-01-03 01:16:43.593] [<---]           inet addr:127.0.0.1  Mask:255.0.0.0
[2026-01-03 01:16:43.593] [<---]           inet6 addr: ::1/128 Scope:Host
[2026-01-03 01:16:43.593] [<---]           UP LOOPBACK RUNNING  MTU:65536  Metric:1
[2026-01-03 01:16:43.593] [<---]           RX packets:0 errors:0 dropped:0 overruns:0 frame:0
[2026-01-03 01:16:43.593] [<---]           TX packets:0 errors:0 dropped:0 overruns:0 carrier:0
[2026-01-03 01:16:43.593] [<---]           collisions:0 txqueuelen:1000
[2026-01-03 01:16:43.593] [<---]           RX bytes:0 (0.0 B)  TX bytes:0 (0.0 B)
[2026-01-03 01:16:43.593] [<---] root@rk3399-firefly:~#
[2026-01-03 01:16:43.593] [<---] root@rk3399-firefly:~#
============================================================
# 串口通信日志 - 2026-01-03 02:06:41
# 串口: COM4, 波特率: 1500000
# 格式: [时间戳] [方向(--->/<---)] 数据内容
------------------------------------------------------------
[02:06:42.079] [--->] ifconfig
[02:06:42.111] [<---] ifconfig
[02:06:42.111] [<---] eth0      Link encap:Ethernet  HWaddr 16:6C:84:D0:44:49
[02:06:42.111] [<---]           inet addr:192.168.0.7  Bcast:192.168.0.255  Mask:255.255.255.0
[02:06:42.111] [<---]           inet6 addr: fe80::146c:84ff:fed0:4449/64 Scope:Link
[02:06:42.111] [<---]           UP BROADCAST RUNNING MULTICAST  MTU:1500  Metric:1
[02:06:42.111] [<---]           RX packets:29 errors:0 dropped:0 overruns:0 frame:0
[02:06:42.111] [<---]           TX packets:8 errors:0 dropped:0 overruns:0 carrier:0
[02:06:42.111] [<---]           collisions:0 txqueuelen:1000
[02:06:42.111] [<---]           RX bytes:2958 (2.8 KiB)  TX bytes:1200 (1.1 KiB)
[02:06:42.111] [<---]           Interrupt:35
[02:06:42.111] [<---] lo        Link encap:Local Loopback
[02:06:42.111] [<---]           inet addr:127.0.0.1  Mask:255.0.0.0
[02:06:42.111] [<---]           inet6 addr: ::1/128 Scope:Host
[02:06:42.111] [<---]           UP LOOPBACK RUNNING  MTU:65536  Metric:1
[02:06:42.111] [<---]           RX packets:0 errors:0 dropped:0 overruns:0 frame:0
[02:06:42.111] [<---]           TX packets:0 errors:0 dropped:0 overruns:0 carrier:0
[02:06:42.111] [<---]           collisions:0 txqueuelen:1000
[02:06:42.111] [<---]           RX bytes:0 (0.0 B)  TX bytes:0 (0.0 B)
[02:06:42.111] [<---] root@rk3399-firefly:~#
[02:06:42.111] [<---] root@rk3399-firefly:~#
